[1;35m dpkg-source -i.git --before-build .
[0m[1;35m debian/rules clean
[0m[1;35m dpkg-source -i.git -b .
[0m[1mdpkg-source: [0m[1;33mпредупреждение[0m: каталог исходников «linux-6.1.130» не в виде <пакет исходников>-<оригинальная версия> «linux-upstream-6.1.130»
[1mdpkg-source: [0m[1;33mпредупреждение[0m: имя каталога .orig linux-6.1.130.orig не в виде <пакет>-<оригинальная версия> (требуется linux-upstream-6.1.130.orig)
[1mdpkg-source: [0m[1;33mпредупреждение[0m: ignoring deletion of file .scmversion
[1mdpkg-source: [0m[1;33mпредупреждение[0m: diff изменяет следующие авторские файлы: 
 .clang-format
 .cocciconfig
 .config.old
 .get_maintainer.ignore
 .mailmap
 .rustfmt.toml
 .version
 CREDITS
 MAINTAINERS
 README
[1mdpkg-source: [0m[1;33mпредупреждение[0m: отсутствует информация о поле вывода Standards-Version
[1;35m debian/rules binary
[0mmake[5]: *** Нет правила для сборки цели «y», требуемой для «certs/x509_certificate_list».  Останов.
make[5]: *** Ожидание завершения заданий…
make[4]: *** [scripts/Makefile.build:503: certs] Ошибка 2
make[4]: *** Ожидание завершения заданий…
make[3]: *** [Makefile:2009: .] Ошибка 2
make[2]: *** [debian/rules:7: build-arch] Ошибка 2
[1mdpkg-buildpackage: [0m[1;31mошибка[0m: debian/rules binary subprocess returned exit status 2
make[1]: *** [scripts/Makefile.package:80: deb-pkg] Ошибка 2
make: *** [Makefile:1651: deb-pkg] Ошибка 2
